Using pre-set license
Built from '2020.3/staging' branch; Version is '2020.3.3f1 (76626098c1c4) revision 7758432'; Using compiler version '192528614'; Build Type 'Release'
OS: 'Windows 10 Home; OS build 19043.1348; Version 2009; 64bit' Language: 'ja' Physical Memory: 16314 MB
BatchMode: 1, IsHumanControllingUs: 0, StartBugReporterOnCrash: 0, Is64bit: 1, IsPro: 0

 COMMAND LINE ARGUMENTS:
C:\Program Files\Unity\Hub\Editor\2020.3.3f1\Editor\Unity.exe
-adb2
-batchMode
-noUpm
-name
AssetImportWorker0
-projectPath
D:/Unity Project/VR UI
-logFile
Logs/AssetImportWorker0.log
-srvPort
59326
Successfully changed project path to: D:/Unity Project/VR UI
D:/Unity Project/VR UI
Using Asset Import Pipeline V2.
Refreshing native plugins compatible for Editor in 48.65 ms, found 7 plugins.
Preloading 1 native plugins for Editor in 0.85 ms.
Initialize engine version: 2020.3.3f1 (76626098c1c4)
[Subsystems] Discovering subsystems at path C:/Program Files/Unity/Hub/Editor/2020.3.3f1/Editor/Data/Resources/UnitySubsystems
[Subsystems] Discovering subsystems at path D:/Unity Project/VR UI/Assets
GfxDevice: creating device client; threaded=0
Direct3D:
    Version:  Direct3D 11.0 [level 11.1]
    Renderer: NVIDIA GeForce RTX 3060 Ti (ID=0x2486)
    Vendor:   
    VRAM:     8050 MB
    Driver:   27.21.14.5751
Shader 'Oculus/OVRMRCameraFrameLit': fallback shader 'Alpha-Diffuse' not found
Initialize mono
Mono path[0] = 'C:/Program Files/Unity/Hub/Editor/2020.3.3f1/Editor/Data/Managed'
Mono path[1] = 'C:/Program Files/Unity/Hub/Editor/2020.3.3f1/Editor/Data/MonoBleedingEdge/lib/mono/unityjit'
Mono config path = 'C:/Program Files/Unity/Hub/Editor/2020.3.3f1/Editor/Data/MonoBleedingEdge/etc'
Using monoOptions --debugger-agent=transport=dt_socket,embedding=1,server=y,suspend=n,address=127.0.0.1:56476
Begin MonoManager ReloadAssembly
Registering precompiled unity dll's ...
Register platform support module: C:/Program Files/Unity/Hub/Editor/2020.3.3f1/Editor/Data/PlaybackEngines/WebGLSupport/UnityEditor.WebGL.Extensions.dll
Register platform support module: C:/Program Files/Unity/Hub/Editor/2020.3.3f1/Editor/Data/PlaybackEngines/WindowsStandaloneSupport/UnityEditor.WindowsStandalone.Extensions.dll
Registered in 0.002660 seconds.
Native extension for WindowsStandalone target not found
Native extension for WebGL target not found
Refreshing native plugins compatible for Editor in 35.93 ms, found 7 plugins.
Preloading 1 native plugins for Editor in 0.06 ms.
Invoked RoslynAnalysisRunner static constructor.
RoslynAnalysisRunner will not be running.
RoslynAnalysisRunner has terminated.
Mono: successfully reloaded assembly
- Completed reload, in  0.836 seconds
Platform modules already initialized, skipping
Registering precompiled user dll's ...
Registered in 0.004424 seconds.
Begin MonoManager ReloadAssembly
Native extension for WindowsStandalone target not found
Native extension for WebGL target not found
Refreshing native plugins compatible for Editor in 0.70 ms, found 7 plugins.
Preloading 1 native plugins for Editor in 0.07 ms.
Invoked RoslynAnalysisRunner static constructor.
RoslynAnalysisRunner will not be running.
RoslynAnalysisRunner has terminated.
[XR] OculusXRPlugin: registering subsystems
[XR] Unable to register display lifecyle provider: [1]
[XR] Oculus Input lifecycle provider registered.
[XR] Unable to register input lifecyle provider: [1]
[XR] OVRP version 1.61.0
Mono: successfully reloaded assembly
- Completed reload, in  0.614 seconds
Platform modules already initialized, skipping
========================================================================
Worker process is ready to serve import requests
Shader 'Oculus/OVRMRCameraFrameLit': fallback shader 'Alpha-Diffuse' not found
Launched and connected shader compiler UnityShaderCompiler.exe after 0.04 seconds
Refreshing native plugins compatible for Editor in 0.68 ms, found 7 plugins.
Preloading 1 native plugins for Editor in 0.06 ms.
Unloading 2055 Unused Serialized files (Serialized files now loaded: 0)
System memory in use before: 104.2 MB.
System memory in use after: 104.2 MB.

Unloading 36 unused Assets to reduce memory usage. Loaded Objects now: 2488.
Total: 2.127600 ms (FindLiveObjects: 0.223800 ms CreateObjectMapping: 0.047300 ms MarkObjects: 1.786500 ms  DeleteObjects: 0.069100 ms)

========================================================================
Received Import Request.
  path: Assets/Prefabs/卒研用/IF/IFPreviousBlacket.prefab
  artifactKey: Guid(fc138d880d68f6d4096335382e40794e) Importer(815301076,1909f56bfc062723c751e8b465ee728b)
Start importing Assets/Prefabs/卒研用/IF/IFPreviousBlacket.prefab using Guid(fc138d880d68f6d4096335382e40794e) Importer(815301076,1909f56bfc062723c751e8b465ee728b)  -> (artifact id: '38738c1e81fc90f2a76e37724182f199') in 0.135389 seconds
  Import took 0.138295 seconds .

========================================================================
Received Import Request.
  Time since last request: 3.026307 seconds.
  path: Assets/Prefabs/卒研用/IF/IFRearBlacket.prefab
  artifactKey: Guid(81a8756d617b1dc4cba1b6d2d0608028) Importer(815301076,1909f56bfc062723c751e8b465ee728b)
Start importing Assets/Prefabs/卒研用/IF/IFRearBlacket.prefab using Guid(81a8756d617b1dc4cba1b6d2d0608028) Importer(815301076,1909f56bfc062723c751e8b465ee728b)  -> (artifact id: '185565a219e1575e051595986c96a167') in 0.014911 seconds
  Import took 0.017597 seconds .

========================================================================
Received Import Request.
  Time since last request: 14.913371 seconds.
  path: Assets/Prefabs/卒研用/IF/IFPreviousBlacket.prefab
  artifactKey: Guid(fc138d880d68f6d4096335382e40794e) Importer(815301076,1909f56bfc062723c751e8b465ee728b)
Start importing Assets/Prefabs/卒研用/IF/IFPreviousBlacket.prefab using Guid(fc138d880d68f6d4096335382e40794e) Importer(815301076,1909f56bfc062723c751e8b465ee728b)  -> (artifact id: '3b1a8c75d35075d6aaa1e75382dcba76') in 0.039992 seconds
  Import took 0.042927 seconds .

========================================================================
Received Import Request.
  Time since last request: 3.743984 seconds.
  path: Assets/Prefabs/卒研用/IF/IFRearBlacket.prefab
  artifactKey: Guid(81a8756d617b1dc4cba1b6d2d0608028) Importer(815301076,1909f56bfc062723c751e8b465ee728b)
Start importing Assets/Prefabs/卒研用/IF/IFRearBlacket.prefab using Guid(81a8756d617b1dc4cba1b6d2d0608028) Importer(815301076,1909f56bfc062723c751e8b465ee728b)  -> (artifact id: '7d0b086cf72607153a485cdb8d8a62ef') in 0.012513 seconds
  Import took 0.015348 seconds .

========================================================================
Received Import Request.
  Time since last request: 882.648745 seconds.
  path: Assets/Scripts/GraduationResearch/IF/IFPrevious.cs
  artifactKey: Guid(823495fce15d2ac4a96385455fdea988) Importer(815301076,1909f56bfc062723c751e8b465ee728b)
Start importing Assets/Scripts/GraduationResearch/IF/IFPrevious.cs using Guid(823495fce15d2ac4a96385455fdea988) Importer(815301076,1909f56bfc062723c751e8b465ee728b)  -> (artifact id: '6c79bfb419f5c6e0dcdefdb48d0da21b') in 0.009683 seconds
  Import took 0.013577 seconds .

========================================================================
Received Import Request.
  Time since last request: 0.000361 seconds.
  path: Assets/Scripts/GraduationResearch/IF/IFPrevious.cs
  artifactKey: Guid(823495fce15d2ac4a96385455fdea988) Importer(815301076,1909f56bfc062723c751e8b465ee728b)
Start importing Assets/Scripts/GraduationResearch/IF/IFPrevious.cs using Guid(823495fce15d2ac4a96385455fdea988) Importer(815301076,1909f56bfc062723c751e8b465ee728b)  -> (artifact id: '6c79bfb419f5c6e0dcdefdb48d0da21b') in 0.001685 seconds
  Import took 0.004150 seconds .

========================================================================
Received Prepare
Registering precompiled user dll's ...
Registered in 0.004079 seconds.
Begin MonoManager ReloadAssembly
Native extension for WindowsStandalone target not found
Native extension for WebGL target not found
Refreshing native plugins compatible for Editor in 0.82 ms, found 7 plugins.
Preloading 1 native plugins for Editor in 0.06 ms.
Invoked RoslynAnalysisRunner static constructor.
RoslynAnalysisRunner will not be running.
RoslynAnalysisRunner has terminated.
Mono: successfully reloaded assembly
- Completed reload, in  0.577 seconds
Platform modules already initialized, skipping
Shader 'Oculus/OVRMRCameraFrameLit': fallback shader 'Alpha-Diffuse' not found
Refreshing native plugins compatible for Editor in 0.74 ms, found 7 plugins.
Preloading 1 native plugins for Editor in 0.05 ms.
Unloading 1960 Unused Serialized files (Serialized files now loaded: 0)
System memory in use before: 100.6 MB.
System memory in use after: 100.7 MB.

Unloading 33 unused Assets to reduce memory usage. Loaded Objects now: 2501.
Total: 1.712800 ms (FindLiveObjects: 0.194800 ms CreateObjectMapping: 0.063100 ms MarkObjects: 1.430300 ms  DeleteObjects: 0.024000 ms)

========================================================================
Received Import Request.
  Time since last request: 8.059372 seconds.
  path: Assets/Scripts/GraduationResearch/IF/IFRear.cs
  artifactKey: Guid(e3db4d97206447948908364b493f2305) Importer(815301076,1909f56bfc062723c751e8b465ee728b)
Start importing Assets/Scripts/GraduationResearch/IF/IFRear.cs using Guid(e3db4d97206447948908364b493f2305) Importer(815301076,1909f56bfc062723c751e8b465ee728b)  -> (artifact id: '7c3c0163129202becf6a3c04b6f2976d') in 0.004309 seconds
  Import took 0.007779 seconds .

========================================================================
Received Prepare
Registering precompiled user dll's ...
Registered in 0.004319 seconds.
Begin MonoManager ReloadAssembly
Native extension for WindowsStandalone target not found
Native extension for WebGL target not found
Refreshing native plugins compatible for Editor in 0.75 ms, found 7 plugins.
Preloading 1 native plugins for Editor in 0.06 ms.
Invoked RoslynAnalysisRunner static constructor.
RoslynAnalysisRunner will not be running.
RoslynAnalysisRunner has terminated.
Mono: successfully reloaded assembly
- Completed reload, in  0.564 seconds
Platform modules already initialized, skipping
Shader 'Oculus/OVRMRCameraFrameLit': fallback shader 'Alpha-Diffuse' not found
Refreshing native plugins compatible for Editor in 0.71 ms, found 7 plugins.
Preloading 1 native plugins for Editor in 0.06 ms.
Unloading 1961 Unused Serialized files (Serialized files now loaded: 0)
System memory in use before: 100.7 MB.
System memory in use after: 100.8 MB.

Unloading 31 unused Assets to reduce memory usage. Loaded Objects now: 2506.
Total: 1.844000 ms (FindLiveObjects: 0.199100 ms CreateObjectMapping: 0.066200 ms MarkObjects: 1.558400 ms  DeleteObjects: 0.019600 ms)

========================================================================
Received Import Request.
  Time since last request: 19.464361 seconds.
  path: Assets/Prefabs/卒研用/IF/IFPreviousBlacket.prefab
  artifactKey: Guid(fc138d880d68f6d4096335382e40794e) Importer(815301076,1909f56bfc062723c751e8b465ee728b)
Start importing Assets/Prefabs/卒研用/IF/IFPreviousBlacket.prefab using Guid(fc138d880d68f6d4096335382e40794e) Importer(815301076,1909f56bfc062723c751e8b465ee728b)  -> (artifact id: '6ac93491246ec233a22a20bde24bba88') in 0.083728 seconds
  Import took 0.087313 seconds .

========================================================================
Received Import Request.
  Time since last request: 7.143107 seconds.
  path: Assets/Prefabs/卒研用/IF/IFRearBlacket.prefab
  artifactKey: Guid(81a8756d617b1dc4cba1b6d2d0608028) Importer(815301076,1909f56bfc062723c751e8b465ee728b)
Start importing Assets/Prefabs/卒研用/IF/IFRearBlacket.prefab using Guid(81a8756d617b1dc4cba1b6d2d0608028) Importer(815301076,1909f56bfc062723c751e8b465ee728b)  -> (artifact id: '64d8d5731d3e7142b5e91d09484a90e6') in 0.009856 seconds
  Import took 0.012586 seconds .

========================================================================
Received Prepare
Registering precompiled user dll's ...
Registered in 0.005058 seconds.
Begin MonoManager ReloadAssembly
Native extension for WindowsStandalone target not found
Native extension for WebGL target not found
Refreshing native plugins compatible for Editor in 0.73 ms, found 7 plugins.
Preloading 1 native plugins for Editor in 0.13 ms.
Invoked RoslynAnalysisRunner static constructor.
RoslynAnalysisRunner will not be running.
RoslynAnalysisRunner has terminated.
Mono: successfully reloaded assembly
- Completed reload, in  0.669 seconds
Platform modules already initialized, skipping
Shader 'Oculus/OVRMRCameraFrameLit': fallback shader 'Alpha-Diffuse' not found
Refreshing native plugins compatible for Editor in 0.73 ms, found 7 plugins.
Preloading 1 native plugins for Editor in 0.06 ms.
Unloading 1961 Unused Serialized files (Serialized files now loaded: 0)
System memory in use before: 100.7 MB.
System memory in use after: 100.8 MB.

Unloading 33 unused Assets to reduce memory usage. Loaded Objects now: 2511.
Total: 1.711600 ms (FindLiveObjects: 0.188200 ms CreateObjectMapping: 0.059800 ms MarkObjects: 1.437800 ms  DeleteObjects: 0.025300 ms)

========================================================================
Received Prepare
Registering precompiled user dll's ...
Registered in 0.004055 seconds.
Begin MonoManager ReloadAssembly
Native extension for WindowsStandalone target not found
Native extension for WebGL target not found
Refreshing native plugins compatible for Editor in 1.47 ms, found 7 plugins.
Preloading 1 native plugins for Editor in 0.09 ms.
Invoked RoslynAnalysisRunner static constructor.
RoslynAnalysisRunner will not be running.
RoslynAnalysisRunner has terminated.
Mono: successfully reloaded assembly
- Completed reload, in  0.665 seconds
Platform modules already initialized, skipping
Shader 'Oculus/OVRMRCameraFrameLit': fallback shader 'Alpha-Diffuse' not found
Refreshing native plugins compatible for Editor in 0.80 ms, found 7 plugins.
Preloading 1 native plugins for Editor in 0.06 ms.
Unloading 1961 Unused Serialized files (Serialized files now loaded: 0)
System memory in use before: 100.7 MB.
System memory in use after: 100.8 MB.

Unloading 31 unused Assets to reduce memory usage. Loaded Objects now: 2515.
Total: 1.780000 ms (FindLiveObjects: 0.221000 ms CreateObjectMapping: 0.046800 ms MarkObjects: 1.484900 ms  DeleteObjects: 0.026400 ms)

========================================================================
Received Prepare
Registering precompiled user dll's ...
Registered in 0.003997 seconds.
Begin MonoManager ReloadAssembly
Native extension for WindowsStandalone target not found
Native extension for WebGL target not found
Refreshing native plugins compatible for Editor in 0.75 ms, found 7 plugins.
Preloading 1 native plugins for Editor in 0.06 ms.
Invoked RoslynAnalysisRunner static constructor.
RoslynAnalysisRunner will not be running.
RoslynAnalysisRunner has terminated.
Mono: successfully reloaded assembly
- Completed reload, in  0.573 seconds
Platform modules already initialized, skipping
Shader 'Oculus/OVRMRCameraFrameLit': fallback shader 'Alpha-Diffuse' not found
Refreshing native plugins compatible for Editor in 0.87 ms, found 7 plugins.
Preloading 1 native plugins for Editor in 0.06 ms.
Unloading 1961 Unused Serialized files (Serialized files now loaded: 0)
System memory in use before: 100.6 MB.
System memory in use after: 100.7 MB.

Unloading 31 unused Assets to reduce memory usage. Loaded Objects now: 2519.
Total: 2.220100 ms (FindLiveObjects: 0.268300 ms CreateObjectMapping: 0.098100 ms MarkObjects: 1.830300 ms  DeleteObjects: 0.022400 ms)

========================================================================
Received Prepare
Registering precompiled user dll's ...
Registered in 0.004278 seconds.
Begin MonoManager ReloadAssembly
Native extension for WindowsStandalone target not found
Native extension for WebGL target not found
Refreshing native plugins compatible for Editor in 0.75 ms, found 7 plugins.
Preloading 1 native plugins for Editor in 0.06 ms.
Invoked RoslynAnalysisRunner static constructor.
RoslynAnalysisRunner will not be running.
RoslynAnalysisRunner has terminated.
Mono: successfully reloaded assembly
- Completed reload, in  0.563 seconds
Platform modules already initialized, skipping
Shader 'Oculus/OVRMRCameraFrameLit': fallback shader 'Alpha-Diffuse' not found
Refreshing native plugins compatible for Editor in 0.72 ms, found 7 plugins.
Preloading 1 native plugins for Editor in 0.06 ms.
Unloading 1961 Unused Serialized files (Serialized files now loaded: 0)
System memory in use before: 100.6 MB.
System memory in use after: 100.8 MB.

Unloading 31 unused Assets to reduce memory usage. Loaded Objects now: 2523.
Total: 1.884400 ms (FindLiveObjects: 0.208200 ms CreateObjectMapping: 0.050100 ms MarkObjects: 1.607800 ms  DeleteObjects: 0.017400 ms)

========================================================================
Received Import Request.
  Time since last request: 6659.678366 seconds.
  path: Assets/Prefabs/卒研用/IF/IFPreviousBlacket.prefab
  artifactKey: Guid(fc138d880d68f6d4096335382e40794e) Importer(815301076,1909f56bfc062723c751e8b465ee728b)
Start importing Assets/Prefabs/卒研用/IF/IFPreviousBlacket.prefab using Guid(fc138d880d68f6d4096335382e40794e) Importer(815301076,1909f56bfc062723c751e8b465ee728b)  -> (artifact id: '74aadc81ecd4b315bf5f38cabe270320') in 0.088921 seconds
  Import took 0.108519 seconds .

========================================================================
Received Import Request.
  Time since last request: 31.490519 seconds.
  path: Assets/Prefabs/卒研用/IF/IFPreviousBlacket.prefab
  artifactKey: Guid(fc138d880d68f6d4096335382e40794e) Importer(815301076,1909f56bfc062723c751e8b465ee728b)
Start importing Assets/Prefabs/卒研用/IF/IFPreviousBlacket.prefab using Guid(fc138d880d68f6d4096335382e40794e) Importer(815301076,1909f56bfc062723c751e8b465ee728b)  -> (artifact id: '89b2f5c5df2845c3f0661b5ce3f4f960') in 0.021982 seconds
  Import took 0.037366 seconds .

========================================================================
Received Import Request.
  Time since last request: 10.413238 seconds.
  path: Assets/Prefabs/卒研用/IF/IFPreviousBlacket.prefab
  artifactKey: Guid(fc138d880d68f6d4096335382e40794e) Importer(815301076,1909f56bfc062723c751e8b465ee728b)
Start importing Assets/Prefabs/卒研用/IF/IFPreviousBlacket.prefab using Guid(fc138d880d68f6d4096335382e40794e) Importer(815301076,1909f56bfc062723c751e8b465ee728b)  -> (artifact id: '2c3eb1fec6146577f82d6f028f292920') in 0.021129 seconds
  Import took 0.034951 seconds .

========================================================================
Received Import Request.
  Time since last request: 11.344958 seconds.
  path: Assets/Prefabs/卒研用/IF/IFPreviousBlacket.prefab
  artifactKey: Guid(fc138d880d68f6d4096335382e40794e) Importer(815301076,1909f56bfc062723c751e8b465ee728b)
Start importing Assets/Prefabs/卒研用/IF/IFPreviousBlacket.prefab using Guid(fc138d880d68f6d4096335382e40794e) Importer(815301076,1909f56bfc062723c751e8b465ee728b)  -> (artifact id: '2a7ca41d4cf06caacec7bf8ea8a58ce4') in 0.021039 seconds
  Import took 0.043766 seconds .

========================================================================
Received Import Request.
  Time since last request: 34.372073 seconds.
  path: Assets/Prefabs/卒研用/IF/IFRearBlacket.prefab
  artifactKey: Guid(81a8756d617b1dc4cba1b6d2d0608028) Importer(815301076,1909f56bfc062723c751e8b465ee728b)
Start importing Assets/Prefabs/卒研用/IF/IFRearBlacket.prefab using Guid(81a8756d617b1dc4cba1b6d2d0608028) Importer(815301076,1909f56bfc062723c751e8b465ee728b)  -> (artifact id: '588a9f1901a27604ab675f5d350fba79') in 0.010356 seconds
  Import took 0.029708 seconds .

========================================================================
Received Prepare
Registering precompiled user dll's ...
Registered in 0.004063 seconds.
Begin MonoManager ReloadAssembly
Native extension for WindowsStandalone target not found
Native extension for WebGL target not found
Refreshing native plugins compatible for Editor in 1.35 ms, found 7 plugins.
Preloading 1 native plugins for Editor in 0.09 ms.
Invoked RoslynAnalysisRunner static constructor.
RoslynAnalysisRunner will not be running.
RoslynAnalysisRunner has terminated.
Mono: successfully reloaded assembly
- Completed reload, in  0.765 seconds
Platform modules already initialized, skipping
Shader 'Oculus/OVRMRCameraFrameLit': fallback shader 'Alpha-Diffuse' not found
Refreshing native plugins compatible for Editor in 0.72 ms, found 7 plugins.
Preloading 1 native plugins for Editor in 0.05 ms.
Unloading 1961 Unused Serialized files (Serialized files now loaded: 0)
System memory in use before: 100.7 MB.
System memory in use after: 100.8 MB.

Unloading 33 unused Assets to reduce memory usage. Loaded Objects now: 2528.
Total: 1.619900 ms (FindLiveObjects: 0.177900 ms CreateObjectMapping: 0.051400 ms MarkObjects: 1.365000 ms  DeleteObjects: 0.024800 ms)

========================================================================
Received Prepare
Registering precompiled user dll's ...
Registered in 0.003954 seconds.
Begin MonoManager ReloadAssembly
Native extension for WindowsStandalone target not found
Native extension for WebGL target not found
Refreshing native plugins compatible for Editor in 0.75 ms, found 7 plugins.
Preloading 1 native plugins for Editor in 0.06 ms.
Invoked RoslynAnalysisRunner static constructor.
RoslynAnalysisRunner will not be running.
RoslynAnalysisRunner has terminated.
Mono: successfully reloaded assembly
- Completed reload, in  0.575 seconds
Platform modules already initialized, skipping
Shader 'Oculus/OVRMRCameraFrameLit': fallback shader 'Alpha-Diffuse' not found
Refreshing native plugins compatible for Editor in 0.72 ms, found 7 plugins.
Preloading 1 native plugins for Editor in 0.06 ms.
Unloading 1961 Unused Serialized files (Serialized files now loaded: 0)
System memory in use before: 100.7 MB.
System memory in use after: 100.8 MB.

Unloading 31 unused Assets to reduce memory usage. Loaded Objects now: 2532.
Total: 2.619100 ms (FindLiveObjects: 0.361400 ms CreateObjectMapping: 0.103400 ms MarkObjects: 2.122000 ms  DeleteObjects: 0.031600 ms)

========================================================================
Received Prepare
Registering precompiled user dll's ...
Registered in 0.004481 seconds.
Begin MonoManager ReloadAssembly
Native extension for WindowsStandalone target not found
Native extension for WebGL target not found
Refreshing native plugins compatible for Editor in 0.78 ms, found 7 plugins.
Preloading 1 native plugins for Editor in 0.07 ms.
Invoked RoslynAnalysisRunner static constructor.
RoslynAnalysisRunner will not be running.
RoslynAnalysisRunner has terminated.
Mono: successfully reloaded assembly
- Completed reload, in  0.557 seconds
Platform modules already initialized, skipping
Shader 'Oculus/OVRMRCameraFrameLit': fallback shader 'Alpha-Diffuse' not found
Refreshing native plugins compatible for Editor in 0.74 ms, found 7 plugins.
Preloading 1 native plugins for Editor in 0.06 ms.
Unloading 1961 Unused Serialized files (Serialized files now loaded: 0)
System memory in use before: 100.7 MB.
System memory in use after: 100.8 MB.

Unloading 31 unused Assets to reduce memory usage. Loaded Objects now: 2536.
Total: 1.707200 ms (FindLiveObjects: 0.190000 ms CreateObjectMapping: 0.061500 ms MarkObjects: 1.437100 ms  DeleteObjects: 0.018000 ms)

========================================================================
Received Import Request.
  Time since last request: 482.492785 seconds.
  path: Assets/Prefabs/卒研用/IF/IFPreviousBlacket.prefab
  artifactKey: Guid(fc138d880d68f6d4096335382e40794e) Importer(815301076,1909f56bfc062723c751e8b465ee728b)
Start importing Assets/Prefabs/卒研用/IF/IFPreviousBlacket.prefab using Guid(fc138d880d68f6d4096335382e40794e) Importer(815301076,1909f56bfc062723c751e8b465ee728b)  -> (artifact id: 'dc8f28c1b72e7ef042bcd1836ea04f6e') in 0.076615 seconds
  Import took 0.090283 seconds .

========================================================================
Received Import Request.
  Time since last request: 1.477125 seconds.
  path: Assets/Prefabs/卒研用/IF/IFPreviousBlacket.prefab
  artifactKey: Guid(fc138d880d68f6d4096335382e40794e) Importer(815301076,1909f56bfc062723c751e8b465ee728b)
Start importing Assets/Prefabs/卒研用/IF/IFPreviousBlacket.prefab using Guid(fc138d880d68f6d4096335382e40794e) Importer(815301076,1909f56bfc062723c751e8b465ee728b)  -> (artifact id: '90febdb58c68fd255c312654b40619c4') in 0.022849 seconds
  Import took 0.029234 seconds .

========================================================================
Received Import Request.
  Time since last request: 3.179763 seconds.
  path: Assets/Prefabs/卒研用/IF/IFPreviousBlacket.prefab
  artifactKey: Guid(fc138d880d68f6d4096335382e40794e) Importer(815301076,1909f56bfc062723c751e8b465ee728b)
Start importing Assets/Prefabs/卒研用/IF/IFPreviousBlacket.prefab using Guid(fc138d880d68f6d4096335382e40794e) Importer(815301076,1909f56bfc062723c751e8b465ee728b)  -> (artifact id: '33590f6f9039656e791f27ec73c50ddc') in 0.020953 seconds
  Import took 0.024257 seconds .

========================================================================
Received Import Request.
  Time since last request: 15.543665 seconds.
  path: Assets/Prefabs/卒研用/IF/IFPreviousBlacket.prefab
  artifactKey: Guid(fc138d880d68f6d4096335382e40794e) Importer(815301076,1909f56bfc062723c751e8b465ee728b)
Start importing Assets/Prefabs/卒研用/IF/IFPreviousBlacket.prefab using Guid(fc138d880d68f6d4096335382e40794e) Importer(815301076,1909f56bfc062723c751e8b465ee728b)  -> (artifact id: '87c058c6f548c270fb8bc296d5002fec') in 0.022997 seconds
  Import took 0.032026 seconds .

========================================================================
Received Import Request.
  Time since last request: 16.305872 seconds.
  path: Assets/Prefabs/卒研用/IF/IFPreviousBlacket.prefab
  artifactKey: Guid(fc138d880d68f6d4096335382e40794e) Importer(815301076,1909f56bfc062723c751e8b465ee728b)
Start importing Assets/Prefabs/卒研用/IF/IFPreviousBlacket.prefab using Guid(fc138d880d68f6d4096335382e40794e) Importer(815301076,1909f56bfc062723c751e8b465ee728b)  -> (artifact id: 'd58584a8ccf66b2c01c7c71b8a771fc6') in 0.022009 seconds
  Import took 0.030909 seconds .

========================================================================
Received Import Request.
  Time since last request: 9.216666 seconds.
  path: Assets/Prefabs/卒研用/IF/IFPreviousBlacket.prefab
  artifactKey: Guid(fc138d880d68f6d4096335382e40794e) Importer(815301076,1909f56bfc062723c751e8b465ee728b)
Start importing Assets/Prefabs/卒研用/IF/IFPreviousBlacket.prefab using Guid(fc138d880d68f6d4096335382e40794e) Importer(815301076,1909f56bfc062723c751e8b465ee728b)  -> (artifact id: '61ccf6567b38d36e4a272c630494c32d') in 0.020584 seconds
  Import took 0.027377 seconds .

========================================================================
Received Prepare
Registering precompiled user dll's ...
Registered in 0.004134 seconds.
Begin MonoManager ReloadAssembly
Native extension for WindowsStandalone target not found
Native extension for WebGL target not found
Refreshing native plugins compatible for Editor in 0.74 ms, found 7 plugins.
Preloading 1 native plugins for Editor in 0.06 ms.
Invoked RoslynAnalysisRunner static constructor.
RoslynAnalysisRunner will not be running.
RoslynAnalysisRunner has terminated.
Mono: successfully reloaded assembly
- Completed reload, in  0.565 seconds
Platform modules already initialized, skipping
Shader 'Oculus/OVRMRCameraFrameLit': fallback shader 'Alpha-Diffuse' not found
Refreshing native plugins compatible for Editor in 0.84 ms, found 7 plugins.
Preloading 1 native plugins for Editor in 0.07 ms.
Unloading 1961 Unused Serialized files (Serialized files now loaded: 0)
System memory in use before: 100.8 MB.
System memory in use after: 100.9 MB.

Unloading 33 unused Assets to reduce memory usage. Loaded Objects now: 2541.
Total: 1.864300 ms (FindLiveObjects: 0.209300 ms CreateObjectMapping: 0.077500 ms MarkObjects: 1.552300 ms  DeleteObjects: 0.024400 ms)

========================================================================
Received Import Request.
  Time since last request: 61.809037 seconds.
  path: Assets/Prefabs/卒研用/IF/IFPreviousBlacket.prefab
  artifactKey: Guid(fc138d880d68f6d4096335382e40794e) Importer(815301076,1909f56bfc062723c751e8b465ee728b)
Start importing Assets/Prefabs/卒研用/IF/IFPreviousBlacket.prefab using Guid(fc138d880d68f6d4096335382e40794e) Importer(815301076,1909f56bfc062723c751e8b465ee728b)  -> (artifact id: 'a2c6de1be1157e33a8bfc9519193309b') in 0.077011 seconds
  Import took 0.085403 seconds .

========================================================================
Received Prepare
Registering precompiled user dll's ...
Registered in 0.004062 seconds.
Begin MonoManager ReloadAssembly
Native extension for WindowsStandalone target not found
Native extension for WebGL target not found
Refreshing native plugins compatible for Editor in 0.76 ms, found 7 plugins.
Preloading 1 native plugins for Editor in 0.06 ms.
Invoked RoslynAnalysisRunner static constructor.
RoslynAnalysisRunner will not be running.
RoslynAnalysisRunner has terminated.
Mono: successfully reloaded assembly
- Completed reload, in  0.584 seconds
Platform modules already initialized, skipping
Shader 'Oculus/OVRMRCameraFrameLit': fallback shader 'Alpha-Diffuse' not found
Refreshing native plugins compatible for Editor in 0.73 ms, found 7 plugins.
Preloading 1 native plugins for Editor in 0.06 ms.
Unloading 1961 Unused Serialized files (Serialized files now loaded: 0)
System memory in use before: 100.8 MB.
System memory in use after: 100.9 MB.

Unloading 33 unused Assets to reduce memory usage. Loaded Objects now: 2546.
Total: 1.725100 ms (FindLiveObjects: 0.179600 ms CreateObjectMapping: 0.058200 ms MarkObjects: 1.462800 ms  DeleteObjects: 0.024000 ms)

========================================================================
Received Import Request.
  Time since last request: 1112.680239 seconds.
  path: Assets/Prefabs/卒研用/IF/IFRearBlacket.prefab
  artifactKey: Guid(81a8756d617b1dc4cba1b6d2d0608028) Importer(815301076,1909f56bfc062723c751e8b465ee728b)
Start importing Assets/Prefabs/卒研用/IF/IFRearBlacket.prefab using Guid(81a8756d617b1dc4cba1b6d2d0608028) Importer(815301076,1909f56bfc062723c751e8b465ee728b)  -> (artifact id: 'e191e4b4318feb94d5348c6a65202054') in 0.049697 seconds
  Import took 0.058598 seconds .

========================================================================
Received Prepare
Registering precompiled user dll's ...
Registered in 0.004576 seconds.
Begin MonoManager ReloadAssembly
Native extension for WindowsStandalone target not found
Native extension for WebGL target not found
Refreshing native plugins compatible for Editor in 0.73 ms, found 7 plugins.
Preloading 1 native plugins for Editor in 0.06 ms.
Invoked RoslynAnalysisRunner static constructor.
RoslynAnalysisRunner will not be running.
RoslynAnalysisRunner has terminated.
Mono: successfully reloaded assembly
- Completed reload, in  0.554 seconds
Platform modules already initialized, skipping
Shader 'Oculus/OVRMRCameraFrameLit': fallback shader 'Alpha-Diffuse' not found
Refreshing native plugins compatible for Editor in 0.71 ms, found 7 plugins.
Preloading 1 native plugins for Editor in 0.06 ms.
Unloading 1961 Unused Serialized files (Serialized files now loaded: 0)
System memory in use before: 100.9 MB.
System memory in use after: 101.0 MB.

Unloading 32 unused Assets to reduce memory usage. Loaded Objects now: 2551.
Total: 2.032500 ms (FindLiveObjects: 0.241300 ms CreateObjectMapping: 0.109500 ms MarkObjects: 1.657500 ms  DeleteObjects: 0.023400 ms)

========================================================================
Received Import Request.
  Time since last request: 1326.653992 seconds.
  path: Assets/Prefabs/卒研用/IF/IFRearBlacket.prefab
  artifactKey: Guid(81a8756d617b1dc4cba1b6d2d0608028) Importer(815301076,1909f56bfc062723c751e8b465ee728b)
Start importing Assets/Prefabs/卒研用/IF/IFRearBlacket.prefab using Guid(81a8756d617b1dc4cba1b6d2d0608028) Importer(815301076,1909f56bfc062723c751e8b465ee728b)  -> (artifact id: 'e42a04245b36f5f34232a8c60957a946') in 0.062982 seconds
  Import took 0.082276 seconds .

========================================================================
Received Import Request.
  Time since last request: 5.085359 seconds.
  path: Assets/Prefabs/卒研用/IF/IFRearBlacket.prefab
  artifactKey: Guid(81a8756d617b1dc4cba1b6d2d0608028) Importer(815301076,1909f56bfc062723c751e8b465ee728b)
Start importing Assets/Prefabs/卒研用/IF/IFRearBlacket.prefab using Guid(81a8756d617b1dc4cba1b6d2d0608028) Importer(815301076,1909f56bfc062723c751e8b465ee728b)  -> (artifact id: '9b9832afbe1801ea095b182ed614c26b') in 0.006914 seconds
  Import took 0.013015 seconds .

========================================================================
Received Import Request.
  Time since last request: 5.220447 seconds.
  path: Assets/Prefabs/卒研用/IF/IFRearBlacket.prefab
  artifactKey: Guid(81a8756d617b1dc4cba1b6d2d0608028) Importer(815301076,1909f56bfc062723c751e8b465ee728b)
Start importing Assets/Prefabs/卒研用/IF/IFRearBlacket.prefab using Guid(81a8756d617b1dc4cba1b6d2d0608028) Importer(815301076,1909f56bfc062723c751e8b465ee728b)  -> (artifact id: '9677e377f439471dedd7153ac86a79c2') in 0.007061 seconds
  Import took 0.022128 seconds .

========================================================================
Received Import Request.
  Time since last request: 12.012411 seconds.
  path: Assets/Prefabs/卒研用/IF/IFRearBlacket.prefab
  artifactKey: Guid(81a8756d617b1dc4cba1b6d2d0608028) Importer(815301076,1909f56bfc062723c751e8b465ee728b)
Start importing Assets/Prefabs/卒研用/IF/IFRearBlacket.prefab using Guid(81a8756d617b1dc4cba1b6d2d0608028) Importer(815301076,1909f56bfc062723c751e8b465ee728b)  -> (artifact id: '0f42570ad75f820dc1c94c96fa5d9117') in 0.007219 seconds
  Import took 0.009916 seconds .

========================================================================
Received Import Request.
  Time since last request: 28.985330 seconds.
  path: Assets/Prefabs/卒研用/IF/IFRearBlacket.prefab
  artifactKey: Guid(81a8756d617b1dc4cba1b6d2d0608028) Importer(815301076,1909f56bfc062723c751e8b465ee728b)
Start importing Assets/Prefabs/卒研用/IF/IFRearBlacket.prefab using Guid(81a8756d617b1dc4cba1b6d2d0608028) Importer(815301076,1909f56bfc062723c751e8b465ee728b)  -> (artifact id: 'dd1966b55beb2c553c7756e1c7d46260') in 0.010586 seconds
  Import took 0.035345 seconds .

========================================================================
Received Prepare
Registering precompiled user dll's ...
Registered in 0.004220 seconds.
Begin MonoManager ReloadAssembly
Native extension for WindowsStandalone target not found
Native extension for WebGL target not found
Refreshing native plugins compatible for Editor in 0.74 ms, found 7 plugins.
Preloading 1 native plugins for Editor in 0.05 ms.
Invoked RoslynAnalysisRunner static constructor.
RoslynAnalysisRunner will not be running.
RoslynAnalysisRunner has terminated.
Mono: successfully reloaded assembly
- Completed reload, in  0.613 seconds
Platform modules already initialized, skipping
Shader 'Oculus/OVRMRCameraFrameLit': fallback shader 'Alpha-Diffuse' not found
Refreshing native plugins compatible for Editor in 0.83 ms, found 7 plugins.
Preloading 1 native plugins for Editor in 0.06 ms.
Unloading 1961 Unused Serialized files (Serialized files now loaded: 0)
System memory in use before: 100.9 MB.
System memory in use after: 101.0 MB.

Unloading 32 unused Assets to reduce memory usage. Loaded Objects now: 2556.
Total: 1.685800 ms (FindLiveObjects: 0.210700 ms CreateObjectMapping: 0.044300 ms MarkObjects: 1.407500 ms  DeleteObjects: 0.022500 ms)

========================================================================
Received Prepare
Registering precompiled user dll's ...
Registered in 0.004788 seconds.
Begin MonoManager ReloadAssembly
Native extension for WindowsStandalone target not found
Native extension for WebGL target not found
Refreshing native plugins compatible for Editor in 0.75 ms, found 7 plugins.
Preloading 1 native plugins for Editor in 0.12 ms.
Invoked RoslynAnalysisRunner static constructor.
RoslynAnalysisRunner will not be running.
RoslynAnalysisRunner has terminated.
Mono: successfully reloaded assembly
- Completed reload, in  0.626 seconds
Platform modules already initialized, skipping
Shader 'Oculus/OVRMRCameraFrameLit': fallback shader 'Alpha-Diffuse' not found
Refreshing native plugins compatible for Editor in 0.73 ms, found 7 plugins.
Preloading 1 native plugins for Editor in 0.06 ms.
Unloading 1961 Unused Serialized files (Serialized files now loaded: 0)
System memory in use before: 100.8 MB.
System memory in use after: 100.9 MB.

Unloading 31 unused Assets to reduce memory usage. Loaded Objects now: 2560.
Total: 1.755700 ms (FindLiveObjects: 0.193800 ms CreateObjectMapping: 0.065600 ms MarkObjects: 1.462800 ms  DeleteObjects: 0.032700 ms)

========================================================================
Received Import Request.
  Time since last request: 18859.060198 seconds.
  path: Assets/Prefabs/卒研用/IF/IFPreviousBlacket.prefab
  artifactKey: Guid(fc138d880d68f6d4096335382e40794e) Importer(815301076,1909f56bfc062723c751e8b465ee728b)
Start importing Assets/Prefabs/卒研用/IF/IFPreviousBlacket.prefab using Guid(fc138d880d68f6d4096335382e40794e) Importer(815301076,1909f56bfc062723c751e8b465ee728b)  -> (artifact id: 'a3975607b2b346631c4bd4136a2f3b7f') in 0.095801 seconds
  Import took 0.108159 seconds .

========================================================================
Received Prepare
Registering precompiled user dll's ...
Registered in 0.004168 seconds.
Begin MonoManager ReloadAssembly
Native extension for WindowsStandalone target not found
Native extension for WebGL target not found
Refreshing native plugins compatible for Editor in 0.84 ms, found 7 plugins.
Preloading 1 native plugins for Editor in 0.07 ms.
Invoked RoslynAnalysisRunner static constructor.
RoslynAnalysisRunner will not be running.
RoslynAnalysisRunner has terminated.
Mono: successfully reloaded assembly
- Completed reload, in  0.600 seconds
Platform modules already initialized, skipping
Shader 'Oculus/OVRMRCameraFrameLit': fallback shader 'Alpha-Diffuse' not found
Refreshing native plugins compatible for Editor in 0.75 ms, found 7 plugins.
Preloading 1 native plugins for Editor in 0.06 ms.
Unloading 1961 Unused Serialized files (Serialized files now loaded: 0)
System memory in use before: 100.8 MB.
System memory in use after: 100.9 MB.

Unloading 33 unused Assets to reduce memory usage. Loaded Objects now: 2565.
Total: 1.737500 ms (FindLiveObjects: 0.185800 ms CreateObjectMapping: 0.053200 ms MarkObjects: 1.472000 ms  DeleteObjects: 0.025800 ms)

========================================================================
Received Import Request.
  Time since last request: 40.056216 seconds.
  path: Assets/Prefabs/卒研用/IF/IFPreviousBlacket.prefab
  artifactKey: Guid(fc138d880d68f6d4096335382e40794e) Importer(815301076,1909f56bfc062723c751e8b465ee728b)
Start importing Assets/Prefabs/卒研用/IF/IFPreviousBlacket.prefab using Guid(fc138d880d68f6d4096335382e40794e) Importer(815301076,1909f56bfc062723c751e8b465ee728b)  -> (artifact id: '952dbc48e8773fd7fe85cf29d36ec49e') in 0.086832 seconds
  Import took 0.090555 seconds .

========================================================================
Received Prepare
Registering precompiled user dll's ...
Registered in 0.004084 seconds.
Begin MonoManager ReloadAssembly
Native extension for WindowsStandalone target not found
Native extension for WebGL target not found
Refreshing native plugins compatible for Editor in 0.94 ms, found 7 plugins.
Preloading 1 native plugins for Editor in 0.07 ms.
Invoked RoslynAnalysisRunner static constructor.
RoslynAnalysisRunner will not be running.
RoslynAnalysisRunner has terminated.
Mono: successfully reloaded assembly
- Completed reload, in  0.748 seconds
Platform modules already initialized, skipping
Shader 'Oculus/OVRMRCameraFrameLit': fallback shader 'Alpha-Diffuse' not found
Refreshing native plugins compatible for Editor in 0.75 ms, found 7 plugins.
Preloading 1 native plugins for Editor in 0.06 ms.
Unloading 1961 Unused Serialized files (Serialized files now loaded: 0)
System memory in use before: 100.8 MB.
System memory in use after: 100.9 MB.

Unloading 33 unused Assets to reduce memory usage. Loaded Objects now: 2570.
Total: 1.707400 ms (FindLiveObjects: 0.193200 ms CreateObjectMapping: 0.052000 ms MarkObjects: 1.437200 ms  DeleteObjects: 0.024400 ms)

========================================================================
Received Prepare
Registering precompiled user dll's ...
Registered in 0.003633 seconds.
Begin MonoManager ReloadAssembly
Native extension for WindowsStandalone target not found
Native extension for WebGL target not found
Refreshing native plugins compatible for Editor in 0.76 ms, found 7 plugins.
Preloading 1 native plugins for Editor in 0.06 ms.
Invoked RoslynAnalysisRunner static constructor.
RoslynAnalysisRunner will not be running.
RoslynAnalysisRunner has terminated.
Mono: successfully reloaded assembly
- Completed reload, in  0.589 seconds
Platform modules already initialized, skipping
Shader 'Oculus/OVRMRCameraFrameLit': fallback shader 'Alpha-Diffuse' not found
Refreshing native plugins compatible for Editor in 0.76 ms, found 7 plugins.
Preloading 1 native plugins for Editor in 0.06 ms.
Unloading 1961 Unused Serialized files (Serialized files now loaded: 0)
System memory in use before: 100.8 MB.
System memory in use after: 100.9 MB.

Unloading 31 unused Assets to reduce memory usage. Loaded Objects now: 2574.
Total: 2.025300 ms (FindLiveObjects: 0.229600 ms CreateObjectMapping: 0.059800 ms MarkObjects: 1.716600 ms  DeleteObjects: 0.018700 ms)

========================================================================
Received Prepare
Registering precompiled user dll's ...
Registered in 0.004637 seconds.
Begin MonoManager ReloadAssembly
Native extension for WindowsStandalone target not found
Native extension for WebGL target not found
Refreshing native plugins compatible for Editor in 0.79 ms, found 7 plugins.
Preloading 1 native plugins for Editor in 0.06 ms.
Invoked RoslynAnalysisRunner static constructor.
RoslynAnalysisRunner will not be running.
RoslynAnalysisRunner has terminated.
Mono: successfully reloaded assembly
- Completed reload, in  0.636 seconds
Platform modules already initialized, skipping
Shader 'Oculus/OVRMRCameraFrameLit': fallback shader 'Alpha-Diffuse' not found
Refreshing native plugins compatible for Editor in 0.76 ms, found 7 plugins.
Preloading 1 native plugins for Editor in 0.06 ms.
Unloading 1961 Unused Serialized files (Serialized files now loaded: 0)
System memory in use before: 100.9 MB.
System memory in use after: 101.0 MB.

Unloading 31 unused Assets to reduce memory usage. Loaded Objects now: 2578.
Total: 1.694500 ms (FindLiveObjects: 0.212300 ms CreateObjectMapping: 0.048000 ms MarkObjects: 1.416000 ms  DeleteObjects: 0.017600 ms)

========================================================================
Received Prepare
Registering precompiled user dll's ...
Registered in 0.003947 seconds.
Begin MonoManager ReloadAssembly
Native extension for WindowsStandalone target not found
Native extension for WebGL target not found
Refreshing native plugins compatible for Editor in 0.76 ms, found 7 plugins.
Preloading 1 native plugins for Editor in 0.06 ms.
Invoked RoslynAnalysisRunner static constructor.
RoslynAnalysisRunner will not be running.
RoslynAnalysisRunner has terminated.
Mono: successfully reloaded assembly
- Completed reload, in  0.590 seconds
Platform modules already initialized, skipping
Shader 'Oculus/OVRMRCameraFrameLit': fallback shader 'Alpha-Diffuse' not found
Refreshing native plugins compatible for Editor in 0.76 ms, found 7 plugins.
Preloading 1 native plugins for Editor in 0.06 ms.
Unloading 1961 Unused Serialized files (Serialized files now loaded: 0)
System memory in use before: 100.9 MB.
System memory in use after: 101.0 MB.

Unloading 31 unused Assets to reduce memory usage. Loaded Objects now: 2582.
Total: 2.116500 ms (FindLiveObjects: 0.219200 ms CreateObjectMapping: 0.076800 ms MarkObjects: 1.800300 ms  DeleteObjects: 0.019400 ms)

========================================================================
Received Prepare
Registering precompiled user dll's ...
Registered in 0.004201 seconds.
Begin MonoManager ReloadAssembly
Native extension for WindowsStandalone target not found
Native extension for WebGL target not found
Refreshing native plugins compatible for Editor in 0.85 ms, found 7 plugins.
Preloading 1 native plugins for Editor in 0.07 ms.
Invoked RoslynAnalysisRunner static constructor.
RoslynAnalysisRunner will not be running.
RoslynAnalysisRunner has terminated.
Mono: successfully reloaded assembly
- Completed reload, in  0.761 seconds
Platform modules already initialized, skipping
Shader 'Oculus/OVRMRCameraFrameLit': fallback shader 'Alpha-Diffuse' not found
Refreshing native plugins compatible for Editor in 0.79 ms, found 7 plugins.
Preloading 1 native plugins for Editor in 0.06 ms.
Unloading 1961 Unused Serialized files (Serialized files now loaded: 0)
System memory in use before: 100.9 MB.
System memory in use after: 101.0 MB.

Unloading 31 unused Assets to reduce memory usage. Loaded Objects now: 2586.
Total: 1.720800 ms (FindLiveObjects: 0.227000 ms CreateObjectMapping: 0.069600 ms MarkObjects: 1.402500 ms  DeleteObjects: 0.021000 ms)

========================================================================
Received Prepare
Registering precompiled user dll's ...
Registered in 0.003687 seconds.
Begin MonoManager ReloadAssembly
Native extension for WindowsStandalone target not found
Native extension for WebGL target not found
Refreshing native plugins compatible for Editor in 0.73 ms, found 7 plugins.
Preloading 1 native plugins for Editor in 0.07 ms.
Invoked RoslynAnalysisRunner static constructor.
RoslynAnalysisRunner will not be running.
RoslynAnalysisRunner has terminated.
Mono: successfully reloaded assembly
- Completed reload, in  0.564 seconds
Platform modules already initialized, skipping
Shader 'Oculus/OVRMRCameraFrameLit': fallback shader 'Alpha-Diffuse' not found
Refreshing native plugins compatible for Editor in 0.76 ms, found 7 plugins.
Preloading 1 native plugins for Editor in 0.05 ms.
Unloading 1961 Unused Serialized files (Serialized files now loaded: 0)
System memory in use before: 100.9 MB.
System memory in use after: 101.0 MB.

Unloading 31 unused Assets to reduce memory usage. Loaded Objects now: 2590.
Total: 1.840400 ms (FindLiveObjects: 0.197500 ms CreateObjectMapping: 0.061500 ms MarkObjects: 1.562300 ms  DeleteObjects: 0.018300 ms)

========================================================================
Received Prepare
Registering precompiled user dll's ...
Registered in 0.004222 seconds.
Begin MonoManager ReloadAssembly
Native extension for WindowsStandalone target not found
Native extension for WebGL target not found
Refreshing native plugins compatible for Editor in 0.78 ms, found 7 plugins.
Preloading 1 native plugins for Editor in 0.06 ms.
Invoked RoslynAnalysisRunner static constructor.
RoslynAnalysisRunner will not be running.
RoslynAnalysisRunner has terminated.
Mono: successfully reloaded assembly
- Completed reload, in  0.636 seconds
Platform modules already initialized, skipping
Shader 'Oculus/OVRMRCameraFrameLit': fallback shader 'Alpha-Diffuse' not found
Refreshing native plugins compatible for Editor in 0.73 ms, found 7 plugins.
Preloading 1 native plugins for Editor in 0.05 ms.
Unloading 1961 Unused Serialized files (Serialized files now loaded: 0)
System memory in use before: 100.8 MB.
System memory in use after: 101.0 MB.

Unloading 31 unused Assets to reduce memory usage. Loaded Objects now: 2594.
Total: 1.844200 ms (FindLiveObjects: 0.220800 ms CreateObjectMapping: 0.068600 ms MarkObjects: 1.534200 ms  DeleteObjects: 0.019900 ms)

========================================================================
Received Prepare
Registering precompiled user dll's ...
Registered in 0.003881 seconds.
Begin MonoManager ReloadAssembly
Native extension for WindowsStandalone target not found
Native extension for WebGL target not found
Refreshing native plugins compatible for Editor in 0.81 ms, found 7 plugins.
Preloading 1 native plugins for Editor in 0.07 ms.
Invoked RoslynAnalysisRunner static constructor.
RoslynAnalysisRunner will not be running.
RoslynAnalysisRunner has terminated.
Mono: successfully reloaded assembly
- Completed reload, in  0.570 seconds
Platform modules already initialized, skipping
Shader 'Oculus/OVRMRCameraFrameLit': fallback shader 'Alpha-Diffuse' not found
Refreshing native plugins compatible for Editor in 0.76 ms, found 7 plugins.
Preloading 1 native plugins for Editor in 0.05 ms.
Unloading 1961 Unused Serialized files (Serialized files now loaded: 0)
System memory in use before: 100.9 MB.
System memory in use after: 101.1 MB.

Unloading 31 unused Assets to reduce memory usage. Loaded Objects now: 2598.
Total: 2.133200 ms (FindLiveObjects: 0.244300 ms CreateObjectMapping: 0.100100 ms MarkObjects: 1.765400 ms  DeleteObjects: 0.022800 ms)

========================================================================
Received Prepare
Registering precompiled user dll's ...
Registered in 0.004269 seconds.
Begin MonoManager ReloadAssembly
Native extension for WindowsStandalone target not found
Native extension for WebGL target not found
Refreshing native plugins compatible for Editor in 0.75 ms, found 7 plugins.
Preloading 1 native plugins for Editor in 0.12 ms.
Invoked RoslynAnalysisRunner static constructor.
RoslynAnalysisRunner will not be running.
RoslynAnalysisRunner has terminated.
Mono: successfully reloaded assembly
- Completed reload, in  1.059 seconds
Platform modules already initialized, skipping
Shader 'Oculus/OVRMRCameraFrameLit': fallback shader 'Alpha-Diffuse' not found
Refreshing native plugins compatible for Editor in 0.73 ms, found 7 plugins.
Preloading 1 native plugins for Editor in 0.06 ms.
Unloading 1961 Unused Serialized files (Serialized files now loaded: 0)
System memory in use before: 100.9 MB.
System memory in use after: 101.1 MB.

Unloading 31 unused Assets to reduce memory usage. Loaded Objects now: 2602.
Total: 1.762400 ms (FindLiveObjects: 0.184500 ms CreateObjectMapping: 0.060300 ms MarkObjects: 1.487400 ms  DeleteObjects: 0.029000 ms)

========================================================================
Received Prepare
Registering precompiled user dll's ...
Registered in 0.003725 seconds.
Begin MonoManager ReloadAssembly
Native extension for WindowsStandalone target not found
Native extension for WebGL target not found
Refreshing native plugins compatible for Editor in 0.79 ms, found 7 plugins.
Preloading 1 native plugins for Editor in 0.06 ms.
Invoked RoslynAnalysisRunner static constructor.
RoslynAnalysisRunner will not be running.
RoslynAnalysisRunner has terminated.
Mono: successfully reloaded assembly
- Completed reload, in  0.564 seconds
Platform modules already initialized, skipping
Shader 'Oculus/OVRMRCameraFrameLit': fallback shader 'Alpha-Diffuse' not found
Refreshing native plugins compatible for Editor in 0.72 ms, found 7 plugins.
Preloading 1 native plugins for Editor in 0.05 ms.
Unloading 1961 Unused Serialized files (Serialized files now loaded: 0)
System memory in use before: 100.9 MB.
System memory in use after: 101.1 MB.

Unloading 31 unused Assets to reduce memory usage. Loaded Objects now: 2606.
Total: 1.818400 ms (FindLiveObjects: 0.183300 ms CreateObjectMapping: 0.061500 ms MarkObjects: 1.494800 ms  DeleteObjects: 0.078200 ms)

========================================================================
Received Prepare
Registering precompiled user dll's ...
Registered in 0.004734 seconds.
Begin MonoManager ReloadAssembly
Native extension for WindowsStandalone target not found
Native extension for WebGL target not found
Refreshing native plugins compatible for Editor in 0.75 ms, found 7 plugins.
Preloading 1 native plugins for Editor in 0.07 ms.
Invoked RoslynAnalysisRunner static constructor.
RoslynAnalysisRunner will not be running.
RoslynAnalysisRunner has terminated.
Mono: successfully reloaded assembly
- Completed reload, in  0.643 seconds
Platform modules already initialized, skipping
Shader 'Oculus/OVRMRCameraFrameLit': fallback shader 'Alpha-Diffuse' not found
Refreshing native plugins compatible for Editor in 0.71 ms, found 7 plugins.
Preloading 1 native plugins for Editor in 0.06 ms.
Unloading 1961 Unused Serialized files (Serialized files now loaded: 0)
System memory in use before: 101.0 MB.
System memory in use after: 101.1 MB.

Unloading 31 unused Assets to reduce memory usage. Loaded Objects now: 2610.
Total: 1.822200 ms (FindLiveObjects: 0.206000 ms CreateObjectMapping: 0.076400 ms MarkObjects: 1.462500 ms  DeleteObjects: 0.076100 ms)

========================================================================
Received Prepare
Registering precompiled user dll's ...
Registered in 0.003802 seconds.
Begin MonoManager ReloadAssembly
Native extension for WindowsStandalone target not found
Native extension for WebGL target not found
Refreshing native plugins compatible for Editor in 0.72 ms, found 7 plugins.
Preloading 1 native plugins for Editor in 0.06 ms.
Invoked RoslynAnalysisRunner static constructor.
RoslynAnalysisRunner will not be running.
RoslynAnalysisRunner has terminated.
Mono: successfully reloaded assembly
- Completed reload, in  0.564 seconds
Platform modules already initialized, skipping
Shader 'Oculus/OVRMRCameraFrameLit': fallback shader 'Alpha-Diffuse' not found
Refreshing native plugins compatible for Editor in 0.72 ms, found 7 plugins.
Preloading 1 native plugins for Editor in 0.06 ms.
Unloading 1961 Unused Serialized files (Serialized files now loaded: 0)
System memory in use before: 100.9 MB.
System memory in use after: 101.0 MB.

Unloading 31 unused Assets to reduce memory usage. Loaded Objects now: 2614.
Total: 1.946300 ms (FindLiveObjects: 0.189400 ms CreateObjectMapping: 0.059200 ms MarkObjects: 1.667400 ms  DeleteObjects: 0.029500 ms)

========================================================================
Received Prepare
Registering precompiled user dll's ...
Registered in 0.004305 seconds.
Begin MonoManager ReloadAssembly
Native extension for WindowsStandalone target not found
Native extension for WebGL target not found
Refreshing native plugins compatible for Editor in 0.90 ms, found 7 plugins.
Preloading 1 native plugins for Editor in 0.07 ms.
Invoked RoslynAnalysisRunner static constructor.
RoslynAnalysisRunner will not be running.
RoslynAnalysisRunner has terminated.
Mono: successfully reloaded assembly
- Completed reload, in  0.633 seconds
Platform modules already initialized, skipping
Shader 'Oculus/OVRMRCameraFrameLit': fallback shader 'Alpha-Diffuse' not found
Refreshing native plugins compatible for Editor in 0.62 ms, found 7 plugins.
Preloading 1 native plugins for Editor in 0.04 ms.
Unloading 1961 Unused Serialized files (Serialized files now loaded: 0)
System memory in use before: 100.9 MB.
System memory in use after: 101.0 MB.

Unloading 31 unused Assets to reduce memory usage. Loaded Objects now: 2618.
Total: 1.507100 ms (FindLiveObjects: 0.164000 ms CreateObjectMapping: 0.037400 ms MarkObjects: 1.285000 ms  DeleteObjects: 0.020200 ms)

========================================================================
Received Prepare
Registering precompiled user dll's ...
Registered in 0.003971 seconds.
Begin MonoManager ReloadAssembly
Native extension for WindowsStandalone target not found
Native extension for WebGL target not found
Refreshing native plugins compatible for Editor in 0.72 ms, found 7 plugins.
Preloading 1 native plugins for Editor in 0.06 ms.
Invoked RoslynAnalysisRunner static constructor.
RoslynAnalysisRunner will not be running.
RoslynAnalysisRunner has terminated.
Mono: successfully reloaded assembly
- Completed reload, in  0.559 seconds
Platform modules already initialized, skipping
Shader 'Oculus/OVRMRCameraFrameLit': fallback shader 'Alpha-Diffuse' not found
Refreshing native plugins compatible for Editor in 0.78 ms, found 7 plugins.
Preloading 1 native plugins for Editor in 0.08 ms.
Unloading 1961 Unused Serialized files (Serialized files now loaded: 0)
System memory in use before: 100.9 MB.
System memory in use after: 101.0 MB.

Unloading 31 unused Assets to reduce memory usage. Loaded Objects now: 2622.
Total: 1.655000 ms (FindLiveObjects: 0.202800 ms CreateObjectMapping: 0.047400 ms MarkObjects: 1.386600 ms  DeleteObjects: 0.017400 ms)

========================================================================
Received Prepare
Registering precompiled user dll's ...
Registered in 0.004136 seconds.
Begin MonoManager ReloadAssembly
Native extension for WindowsStandalone target not found
Native extension for WebGL target not found
Refreshing native plugins compatible for Editor in 0.73 ms, found 7 plugins.
Preloading 1 native plugins for Editor in 0.06 ms.
Invoked RoslynAnalysisRunner static constructor.
RoslynAnalysisRunner will not be running.
RoslynAnalysisRunner has terminated.
Mono: successfully reloaded assembly
- Completed reload, in  0.560 seconds
Platform modules already initialized, skipping
Shader 'Oculus/OVRMRCameraFrameLit': fallback shader 'Alpha-Diffuse' not found
Refreshing native plugins compatible for Editor in 0.73 ms, found 7 plugins.
Preloading 1 native plugins for Editor in 0.06 ms.
Unloading 1961 Unused Serialized files (Serialized files now loaded: 0)
System memory in use before: 101.0 MB.
System memory in use after: 101.1 MB.

Unloading 31 unused Assets to reduce memory usage. Loaded Objects now: 2626.
Total: 1.756500 ms (FindLiveObjects: 0.254500 ms CreateObjectMapping: 0.039600 ms MarkObjects: 1.441500 ms  DeleteObjects: 0.020100 ms)

========================================================================
Received Prepare
Registering precompiled user dll's ...
Registered in 0.003659 seconds.
Begin MonoManager ReloadAssembly
Native extension for WindowsStandalone target not found
Native extension for WebGL target not found
Refreshing native plugins compatible for Editor in 0.73 ms, found 7 plugins.
Preloading 1 native plugins for Editor in 0.06 ms.
Invoked RoslynAnalysisRunner static constructor.
RoslynAnalysisRunner will not be running.
RoslynAnalysisRunner has terminated.
Mono: successfully reloaded assembly
- Completed reload, in  0.569 seconds
Platform modules already initialized, skipping
Shader 'Oculus/OVRMRCameraFrameLit': fallback shader 'Alpha-Diffuse' not found
Refreshing native plugins compatible for Editor in 0.71 ms, found 7 plugins.
Preloading 1 native plugins for Editor in 0.06 ms.
Unloading 1961 Unused Serialized files (Serialized files now loaded: 0)
System memory in use before: 101.0 MB.
System memory in use after: 101.1 MB.

Unloading 31 unused Assets to reduce memory usage. Loaded Objects now: 2630.
Total: 1.652200 ms (FindLiveObjects: 0.180500 ms CreateObjectMapping: 0.052900 ms MarkObjects: 1.401300 ms  DeleteObjects: 0.016900 ms)

========================================================================
Received Prepare
Registering precompiled user dll's ...
Registered in 0.004019 seconds.
Begin MonoManager ReloadAssembly
Native extension for WindowsStandalone target not found
Native extension for WebGL target not found
Refreshing native plugins compatible for Editor in 0.73 ms, found 7 plugins.
Preloading 1 native plugins for Editor in 0.06 ms.
Invoked RoslynAnalysisRunner static constructor.
RoslynAnalysisRunner will not be running.
RoslynAnalysisRunner has terminated.
Mono: successfully reloaded assembly
- Completed reload, in  0.564 seconds
Platform modules already initialized, skipping
Shader 'Oculus/OVRMRCameraFrameLit': fallback shader 'Alpha-Diffuse' not found
Refreshing native plugins compatible for Editor in 0.72 ms, found 7 plugins.
Preloading 1 native plugins for Editor in 0.05 ms.
Unloading 1961 Unused Serialized files (Serialized files now loaded: 0)
System memory in use before: 101.0 MB.
System memory in use after: 101.1 MB.

Unloading 31 unused Assets to reduce memory usage. Loaded Objects now: 2634.
Total: 1.831000 ms (FindLiveObjects: 0.192300 ms CreateObjectMapping: 0.059600 ms MarkObjects: 1.556600 ms  DeleteObjects: 0.021900 ms)

AssetImportWorkerClient::OnTransportError - code=2 error=End of file
